<component name="libraryTable">
  <library name="junit-4.11 (3)">
    <CLASSES>
      <root url="jar://$PROJECT_DIR$/lib/junit-4.11.jar!/" />
      <root url="jar://$PROJECT_DIR$/lib/jps-api_1.0.4.jar!/" />
      <root url="jar://$PROJECT_DIR$/lib/hamcrest-core-1.3.jar!/" />
    </CLASSES>
    <JAVADOC />
    <SOURCES>
      <root url="jar://$PROJECT_DIR$/lib/jps-api_1.0.4.jar!/" />
    </SOURCES>
  </library>
</component>